<?xml version="1.0" encoding="UTF-8"?>
<!-- Generated by org.testng.reporters.JUnitReportReporter -->
<testsuite hostname="HSC-PG02BMF9" failures="0" tests="2" name="com.tek.tests.ImageToTextValidationTest" time="1.084" errors="0" timestamp="2022-02-04T22:50:47 IST" skipped="0">
  <testcase classname="com.tek.tests.ImageToTextValidationTest" name="validateNoicyImgetext" time="0.410"/>
  <system-out/>
  <testcase classname="com.tek.tests.ImageToTextValidationTest" name="validateClearImgetext" time="0.674"/>
  <system-out/>
</testsuite> <!-- com.tek.tests.ImageToTextValidationTest -->
