<?xml version="1.0" encoding="UTF-8"?>
<!-- Generated by org.testng.reporters.JUnitReportReporter -->
<testsuite hostname="HSC-PG02BMF9" failures="0" tests="2" name="com.tek.tests.FacilitiesJobTest" time="27.319" errors="0" timestamp="2022-02-02T15:27:02 IST" skipped="0">
  <testcase classname="com.tek.tests.FacilitiesJobTest" name="validateFacilitiesJobPage" time="20.628"/>
  <system-out/>
  <testcase classname="com.tek.tests.FacilitiesJobTest" name="SearchFacilitiesJob" time="6.691"/>
  <system-out/>
</testsuite> <!-- com.tek.tests.FacilitiesJobTest -->
