<?xml version="1.0" encoding="UTF-8"?>
<!-- Generated by org.testng.reporters.JUnitReportReporter -->
<testsuite hostname="HSC-PG02BMF9" failures="0" tests="2" name="com.tek.tests.ManufacturingJobTest" time="28.049" errors="0" timestamp="2022-02-02T15:27:02 IST" skipped="0">
  <testcase classname="com.tek.tests.ManufacturingJobTest" name="ValidateManufacturingJobPage" time="21.741"/>
  <system-out/>
  <testcase classname="com.tek.tests.ManufacturingJobTest" name="SearchManufacturingJob" time="6.308"/>
  <system-out/>
</testsuite> <!-- com.tek.tests.ManufacturingJobTest -->
