<?xml version="1.0" encoding="UTF-8"?>
<!-- Generated by org.testng.reporters.JUnitReportReporter -->
<testsuite hostname="HSC-PG02BMF9" failures="0" tests="2" name="com.tek.tests.ConstructionJobSearchTest" time="28.514" errors="0" timestamp="2022-02-02T15:27:02 IST" skipped="0">
  <testcase classname="com.tek.tests.ConstructionJobSearchTest" name="validateConstructionJobPage" time="21.011"/>
  <system-out/>
  <testcase classname="com.tek.tests.ConstructionJobSearchTest" name="SearchConstructionJob" time="7.503"/>
  <system-out/>
</testsuite> <!-- com.tek.tests.ConstructionJobSearchTest -->
