<?xml version="1.0" encoding="UTF-8"?>
<!-- Generated by org.testng.reporters.JUnitReportReporter -->
<testsuite hostname="HSC-PG02BMF9" failures="0" tests="1" name="com.tek.tests.PDFValiadtionTest" time="37.027" errors="0" timestamp="2022-02-04T23:14:46 IST" skipped="0">
  <testcase classname="com.tek.tests.PDFValiadtionTest" name="validateKeywordSearchPage" time="37.027"/>
  <system-out/>
</testsuite> <!-- com.tek.tests.PDFValiadtionTest -->
