<?xml version="1.0" encoding="UTF-8"?>
<!-- Generated by org.testng.reporters.JUnitReportReporter -->
<testsuite hostname="HSC-PG02BMF9" failures="0" tests="1" name="com.tek.tests.ImageToTextValidationTest" time="0.656" errors="0" timestamp="2022-02-02T16:23:13 IST" skipped="0">
  <testcase classname="com.tek.tests.ImageToTextValidationTest" name="validateImgetext" time="0.656"/>
  <system-out/>
</testsuite> <!-- com.tek.tests.ImageToTextValidationTest -->
