<?xml version="1.0" encoding="UTF-8"?>
<!-- Generated by org.testng.reporters.JUnitReportReporter -->
<testsuite hostname="HSC-PG02BMF9" failures="0" tests="1" name="com.tek.tests.PDFValiadtionTest" time="5.879" errors="0" timestamp="2022-02-02T15:27:02 IST" skipped="0">
  <testcase classname="com.tek.tests.PDFValiadtionTest" name="ValidatePDFContent" time="5.879"/>
  <system-out/>
</testsuite> <!-- com.tek.tests.PDFValiadtionTest -->
