<?xml version="1.0" encoding="UTF-8"?>
<!-- Generated by org.testng.reporters.JUnitReportReporter -->
<testsuite hostname="HSC-PG02BMF9" failures="0" tests="2" name="com.tek.tests.DistributionJobSearchTest" time="20.660" errors="0" timestamp="2022-02-02T15:27:02 IST" skipped="0">
  <testcase classname="com.tek.tests.DistributionJobSearchTest" name="validateDistributionJobPage" time="13.751"/>
  <system-out/>
  <testcase classname="com.tek.tests.DistributionJobSearchTest" name="SearchDistributionJob" time="6.909"/>
  <system-out/>
</testsuite> <!-- com.tek.tests.DistributionJobSearchTest -->
