<?xml version="1.0" encoding="UTF-8"?>
<!-- Generated by org.testng.reporters.JUnitReportReporter -->
<testsuite hostname="HSC-PG02BMF9" failures="0" tests="2" name="com.tek.tests.ImageToTextValidationTest" time="0.780" errors="0" timestamp="2022-02-02T23:43:44 IST" skipped="0">
  <testcase classname="com.tek.tests.ImageToTextValidationTest" name="validateClearImgetext" time="0.584"/>
  <system-out/>
  <testcase classname="com.tek.tests.ImageToTextValidationTest" name="validateNoicyImgetext" time="0.196"/>
  <system-out/>
</testsuite> <!-- com.tek.tests.ImageToTextValidationTest -->
