<?xml version="1.0" encoding="UTF-8"?>
<!-- Generated by org.testng.reporters.JUnitReportReporter -->
<testsuite hostname="HSC-PG02BMF9" failures="0" tests="2" name="com.tek.tests.GlobalJobSearchTest" time="14.536" errors="0" timestamp="2022-02-02T15:27:02 IST" skipped="0">
  <testcase classname="com.tek.tests.GlobalJobSearchTest" name="VerifyJobCount" time="3.159"/>
  <system-out/>
  <testcase classname="com.tek.tests.GlobalJobSearchTest" name="SearchJobs" time="11.377"/>
  <system-out/>
</testsuite> <!-- com.tek.tests.GlobalJobSearchTest -->
